<?xml version="1.0" encoding="UTF-8"?>
<testng-results skipped="0" failed="0" ignored="0" total="0" passed="0">
  <reporter-output>
  </reporter-output>
  <suite name="Surefire suite" duration-ms="2969" started-at="2024-02-10T00:58:50Z" finished-at="2024-02-10T00:58:53Z">
    <groups>
    </groups>
    <test name="Surefire test" duration-ms="2969" started-at="2024-02-10T00:58:50Z" finished-at="2024-02-10T00:58:53Z">
      <class name="org.pageObject.AppTest">
        <test-method status="PASS" signature="setup()[pri:0, instance:org.pageObject.AppTest@6cd8737]" name="setup" is-config="true" duration-ms="2484" started-at="2024-02-10T00:58:50Z" finished-at="2024-02-10T00:58:52Z">
          <reporter-output>
          </reporter-output>
        </test-method> <!-- setup -->
        <test-method status="PASS" signature="close()[pri:0, instance:org.pageObject.AppTest@6cd8737]" name="close" is-config="true" duration-ms="481" started-at="2024-02-10T00:58:52Z" finished-at="2024-02-10T00:58:53Z">
          <reporter-output>
          </reporter-output>
        </test-method> <!-- close -->
      </class> <!-- org.pageObject.AppTest -->
    </test> <!-- Surefire test -->
  </suite> <!-- Surefire suite -->
</testng-results>
